12360> 2024-02-05 20:36:30> Program: Starting Squirrel Updater: --install . --silent
12360> 2024-02-05 20:36:30> Program: Starting install, writing to C:\Users\teru2\AppData\Local\SquirrelTemp
12360> 2024-02-05 20:36:30> Program: About to install to: C:\Users\teru2\AppData\Local\Discord
12360> 2024-02-05 20:36:30> SingleGlobalInstance: Grabbing lockfile with timeout of 00:00:10
12360> 2024-02-05 20:36:30> CheckForUpdateImpl: Reading RELEASES file from C:\Users\teru2\AppData\Local\SquirrelTemp
12360> 2024-02-05 20:36:30> CheckForUpdateImpl: Remote version 1.0.9003 differs from local 
12360> 2024-02-05 20:36:30> CheckForUpdateImpl: First run or local directory is corrupt, starting from scratch
12360> 2024-02-05 20:36:30> ApplyReleasesImpl: Writing files to app directory: C:\Users\teru2\AppData\Local\Discord\app-1.0.9003
12360> 2024-02-05 20:36:31> ApplyReleasesImpl: Moving file C:\Users\teru2\AppData\Local\Discord\app-1.0.9003\lib\net45\app.ico to C:\Users\teru2\AppData\Local\Discord\app-1.0.9003\app.ico
12360> 2024-02-05 20:36:31> ApplyReleasesImpl: Moving file C:\Users\teru2\AppData\Local\Discord\app-1.0.9003\lib\net45\chrome_200_percent.pak to C:\Users\teru2\AppData\Local\Discord\app-1.0.9003\chrome_200_percent.pak
12360> 2024-02-05 20:36:31> ApplyReleasesImpl: Moving file C:\Users\teru2\AppData\Local\Discord\app-1.0.9003\lib\net45\d3dcompiler_47.dll to C:\Users\teru2\AppData\Local\Discord\app-1.0.9003\d3dcompiler_47.dll
12360> 2024-02-05 20:36:31> ApplyReleasesImpl: Moving file C:\Users\teru2\AppData\Local\Discord\app-1.0.9003\lib\net45\chrome_100_percent.pak to C:\Users\teru2\AppData\Local\Discord\app-1.0.9003\chrome_100_percent.pak
12360> 2024-02-05 20:36:31> ApplyReleasesImpl: Moving file C:\Users\teru2\AppData\Local\Discord\app-1.0.9003\lib\net45\Discord.exe to C:\Users\teru2\AppData\Local\Discord\app-1.0.9003\Discord.exe
12360> 2024-02-05 20:36:31> ApplyReleasesImpl: Moving file C:\Users\teru2\AppData\Local\Discord\app-1.0.9003\lib\net45\ffmpeg.dll to C:\Users\teru2\AppData\Local\Discord\app-1.0.9003\ffmpeg.dll
12360> 2024-02-05 20:36:31> ApplyReleasesImpl: Moving file C:\Users\teru2\AppData\Local\Discord\app-1.0.9003\lib\net45\icudtl.dat to C:\Users\teru2\AppData\Local\Discord\app-1.0.9003\icudtl.dat
12360> 2024-02-05 20:36:31> ApplyReleasesImpl: Moving file C:\Users\teru2\AppData\Local\Discord\app-1.0.9003\lib\net45\installer.db to C:\Users\teru2\AppData\Local\Discord\app-1.0.9003\installer.db
12360> 2024-02-05 20:36:31> ApplyReleasesImpl: Moving file C:\Users\teru2\AppData\Local\Discord\app-1.0.9003\lib\net45\libEGL.dll to C:\Users\teru2\AppData\Local\Discord\app-1.0.9003\libEGL.dll
12360> 2024-02-05 20:36:31> ApplyReleasesImpl: Moving file C:\Users\teru2\AppData\Local\Discord\app-1.0.9003\lib\net45\libGLESv2.dll to C:\Users\teru2\AppData\Local\Discord\app-1.0.9003\libGLESv2.dll
12360> 2024-02-05 20:36:31> ApplyReleasesImpl: Moving file C:\Users\teru2\AppData\Local\Discord\app-1.0.9003\lib\net45\resources.pak to C:\Users\teru2\AppData\Local\Discord\app-1.0.9003\resources.pak
12360> 2024-02-05 20:36:32> ApplyReleasesImpl: Moving file C:\Users\teru2\AppData\Local\Discord\app-1.0.9003\lib\net45\snapshot_blob.bin to C:\Users\teru2\AppData\Local\Discord\app-1.0.9003\snapshot_blob.bin
12360> 2024-02-05 20:36:32> ApplyReleasesImpl: Moving file C:\Users\teru2\AppData\Local\Discord\app-1.0.9003\lib\net45\updater.node to C:\Users\teru2\AppData\Local\Discord\app-1.0.9003\updater.node
12360> 2024-02-05 20:36:32> ApplyReleasesImpl: Moving file C:\Users\teru2\AppData\Local\Discord\app-1.0.9003\lib\net45\vk_swiftshader.dll to C:\Users\teru2\AppData\Local\Discord\app-1.0.9003\vk_swiftshader.dll
12360> 2024-02-05 20:36:32> ApplyReleasesImpl: Moving file C:\Users\teru2\AppData\Local\Discord\app-1.0.9003\lib\net45\vulkan-1.dll to C:\Users\teru2\AppData\Local\Discord\app-1.0.9003\vulkan-1.dll
12360> 2024-02-05 20:36:32> ApplyReleasesImpl: Moving file C:\Users\teru2\AppData\Local\Discord\app-1.0.9003\lib\net45\v8_context_snapshot.bin to C:\Users\teru2\AppData\Local\Discord\app-1.0.9003\v8_context_snapshot.bin
12360> 2024-02-05 20:36:32> ApplyReleasesImpl: Moving file C:\Users\teru2\AppData\Local\Discord\app-1.0.9003\lib\net45\vk_swiftshader_icd.json to C:\Users\teru2\AppData\Local\Discord\app-1.0.9003\vk_swiftshader_icd.json
12360> 2024-02-05 20:36:32> ApplyReleasesImpl: Squirrel Enabled Apps: [C:\Users\teru2\AppData\Local\Discord\app-1.0.9003\Discord.exe]
12360> 2024-02-05 20:36:35> Utility: Process Started: C:\Users\teru2\AppData\Local\Discord\app-1.0.9003\Discord.exe --squirrel-install 1.0.9003, pid 11148
12360> 2024-02-05 20:36:37> Utility: Received exitcode 0 from process C:\Users\teru2\AppData\Local\Discord\app-1.0.9003\Discord.exe
12360> 2024-02-05 20:36:37> ApplyReleasesImpl: Starting fixPinnedExecutables
12360> 2024-02-05 20:36:37> ApplyReleasesImpl: fixPinnedExecutables: newCurrentFolder: app-1.0.9003
12360> 2024-02-05 20:36:37> ApplyReleasesImpl: fixPinnedExecutables: enumerating path C:\Users\teru2\AppData\Roaming\Microsoft\Windows\Start Menu failed: System.UnauthorizedAccessException: パス 'C:\Users\teru2\AppData\Roaming\Microsoft\Windows\Start Menu\プログラム' へのアクセスが拒否されました。
   場所 System.IO.__Error.WinIOError(Int32 errorCode, String maybeFullPath)
   場所 System.IO.FileSystemEnumerableIterator`1.AddSearchableDirsToStack(SearchData localSearchData)
   場所 System.IO.FileSystemEnumerableIterator`1.MoveNext()
   場所 System.Collections.Generic.List`1..ctor(IEnumerable`1 collection)
   場所 System.IO.DirectoryInfo.InternalGetFiles(String searchPattern, SearchOption searchOption)
   場所 System.IO.DirectoryInfo.GetFiles(String searchPattern, SearchOption searchOption)
   場所 Squirrel.UpdateManager.ApplyReleasesImpl.fixPinnedExecutables(SemanticVersion newCurrentVersion)
12360> 2024-02-05 20:36:37> ApplyReleasesImpl: Updating shortcut C:\Users\teru2\Desktop\Discord.lnk
12360> 2024-02-05 20:36:37> ApplyReleasesImpl: Fixing up tray icons
12360> 2024-02-05 20:36:37> ApplyReleasesImpl: cleanDeadVersions: for version 1.0.9003
12360> 2024-02-05 20:36:37> ApplyReleasesImpl: cleanDeadVersions: exclude current version folder app-1.0.9003
13304> 2024-10-13 22:10:50> Program: Starting Squirrel Updater: --install . --silent
13304> 2024-10-13 22:10:50> Program: Starting install, writing to C:\Users\teru2\AppData\Local\SquirrelTemp
13304> 2024-10-13 22:10:50> Program: About to install to: C:\Users\teru2\AppData\Local\Discord
13304> 2024-10-13 22:10:50> Program: Install path C:\Users\teru2\AppData\Local\Discord already exists, burning it to the ground
13304> 2024-10-13 22:10:50> IEnableLogger: Failed to remove existing directory on full install, is the app still running???: System.UnauthorizedAccessException: パス 'C:\Users\teru2\AppData\Local\tmpjxkdpcnh.44c\app-1.0.9166\modules\discord_hook-1\discord_hook\63f569062c02b5\DiscordHook64.dll' へのアクセスが拒否されました。
   場所 System.IO.__Error.WinIOError(Int32 errorCode, String maybeFullPath)
   場所 System.IO.File.InternalDelete(String path, Boolean checkHost)
   場所 System.IO.File.Delete(String path)
   場所 Squirrel.Utility.<>c.<DeleteDirectory>b__22_0(String file)
   場所 Squirrel.Utility.<>c__DisplayClass15_1`1.<ForEachAsync>b__1()
   場所 System.Threading.Tasks.Task.InnerInvoke()
   場所 System.Threading.Tasks.Task.Execute()
--- 直前に例外がスローされた場所からのスタック トレースの終わり ---
   場所 System.Runtime.CompilerServices.TaskAwaiter.ThrowForNonSuccess(Task task)
   場所 System.Runtime.CompilerServices.TaskAwaiter.HandleNonSuccessAndDebuggerNotification(Task task)
   場所 Squirrel.Utility.<>c__DisplayClass16_1`1.<<ForEachAsync>b__1>d.MoveNext()
--- 直前に例外がスローされた場所からのスタック トレースの終わり ---
   場所 System.Runtime.CompilerServices.TaskAwaiter.ThrowForNonSuccess(Task task)
   場所 System.Runtime.CompilerServices.TaskAwaiter.HandleNonSuccessAndDebuggerNotification(Task task)
   場所 Squirrel.Utility.<DeleteDirectory>d__22.MoveNext()
--- 直前に例外がスローされた場所からのスタック トレースの終わり ---
   場所 System.Runtime.CompilerServices.TaskAwaiter.ThrowForNonSuccess(Task task)
   場所 System.Runtime.CompilerServices.TaskAwaiter.HandleNonSuccessAndDebuggerNotification(Task task)
   場所 Squirrel.Utility.<>c.<<DeleteDirectory>b__22_1>d.MoveNext()
--- 直前に例外がスローされた場所からのスタック トレースの終わり ---
   場所 System.Runtime.CompilerServices.TaskAwaiter.ThrowForNonSuccess(Task task)
   場所 System.Runtime.CompilerServices.TaskAwaiter.HandleNonSuccessAndDebuggerNotification(Task task)
   場所 Squirrel.Utility.<>c__DisplayClass16_1`1.<<ForEachAsync>b__1>d.MoveNext()
--- 直前に例外がスローされた場所からのスタック トレースの終わり ---
   場所 System.Runtime.CompilerServices.TaskAwaiter.ThrowForNonSuccess(Task task)
   場所 System.Runtime.CompilerServices.TaskAwaiter.HandleNonSuccessAndDebuggerNotification(Task task)
   場所 Squirrel.Utility.<DeleteDirectory>d__22.MoveNext()
--- 直前に例外がスローされた場所からのスタック トレースの終わり ---
   場所 System.Runtime.CompilerServices.TaskAwaiter.ThrowForNonSuccess(Task task)
   場所 System.Runtime.CompilerServices.TaskAwaiter.HandleNonSuccessAndDebuggerNotification(Task task)
   場所 Squirrel.Utility.<>c.<<DeleteDirectory>b__22_1>d.MoveNext()
--- 直前に例外がスローされた場所からのスタック トレースの終わり ---
   場所 System.Runtime.CompilerServices.TaskAwaiter.ThrowForNonSuccess(Task task)
   場所 System.Runtime.CompilerServices.TaskAwaiter.HandleNonSuccessAndDebuggerNotification(Task task)
   場所 Squirrel.Utility.<>c__DisplayClass16_1`1.<<ForEachAsync>b__1>d.MoveNext()
--- 直前に例外がスローされた場所からのスタック トレースの終わり ---
   場所 System.Runtime.CompilerServices.TaskAwaiter.ThrowForNonSuccess(Task task)
   場所 System.Runtime.CompilerServices.TaskAwaiter.HandleNonSuccessAndDebuggerNotification(Task task)
   場所 Squirrel.Utility.<DeleteDirectory>d__22.MoveNext()
--- 直前に例外がスローされた場所からのスタック トレースの終わり ---
   場所 System.Runtime.CompilerServices.TaskAwaiter.ThrowForNonSuccess(Task task)
   場所 System.Runtime.CompilerServices.TaskAwaiter.HandleNonSuccessAndDebuggerNotification(Task task)
   場所 Squirrel.Utility.<>c.<<DeleteDirectory>b__22_1>d.MoveNext()
--- 直前に例外がスローされた場所からのスタック トレースの終わり ---
   場所 System.Runtime.CompilerServices.TaskAwaiter.ThrowForNonSuccess(Task task)
   場所 System.Runtime.CompilerServices.TaskAwaiter.HandleNonSuccessAndDebuggerNotification(Task task)
   場所 Squirrel.Utility.<>c__DisplayClass16_1`1.<<ForEachAsync>b__1>d.MoveNext()
--- 直前に例外がスローされた場所からのスタック トレースの終わり ---
   場所 System.Runtime.CompilerServices.TaskAwaiter.ThrowForNonSuccess(Task task)
   場所 System.Runtime.CompilerServices.TaskAwaiter.HandleNonSuccessAndDebuggerNotification(Task task)
   場所 Squirrel.Utility.<DeleteDirectory>d__22.MoveNext()
--- 直前に例外がスローされた場所からのスタック トレースの終わり ---
   場所 System.Runtime.CompilerServices.TaskAwaiter.ThrowForNonSuccess(Task task)
   場所 System.Runtime.CompilerServices.TaskAwaiter.HandleNonSuccessAndDebuggerNotification(Task task)
   場所 Squirrel.Utility.<>c.<<DeleteDirectory>b__22_1>d.MoveNext()
--- 直前に例外がスローされた場所からのスタック トレースの終わり ---
   場所 System.Runtime.CompilerServices.TaskAwaiter.ThrowForNonSuccess(Task task)
   場所 System.Runtime.CompilerServices.TaskAwaiter.HandleNonSuccessAndDebuggerNotification(Task task)
   場所 Squirrel.Utility.<>c__DisplayClass16_1`1.<<ForEachAsync>b__1>d.MoveNext()
--- 直前に例外がスローされた場所からのスタック トレースの終わり ---
   場所 System.Runtime.CompilerServices.TaskAwaiter.ThrowForNonSuccess(Task task)
   場所 System.Runtime.CompilerServices.TaskAwaiter.HandleNonSuccessAndDebuggerNotification(Task task)
   場所 Squirrel.Utility.<DeleteDirectory>d__22.MoveNext()
--- 直前に例外がスローされた場所からのスタック トレースの終わり ---
   場所 System.Runtime.CompilerServices.TaskAwaiter.ThrowForNonSuccess(Task task)
   場所 System.Runtime.CompilerServices.TaskAwaiter.HandleNonSuccessAndDebuggerNotification(Task task)
   場所 Squirrel.Utility.<>c.<<DeleteDirectory>b__22_1>d.MoveNext()
--- 直前に例外がスローされた場所からのスタック トレースの終わり ---
   場所 System.Runtime.CompilerServices.TaskAwaiter.ThrowForNonSuccess(Task task)
   場所 System.Runtime.CompilerServices.TaskAwaiter.HandleNonSuccessAndDebuggerNotification(Task task)
   場所 Squirrel.Utility.<>c__DisplayClass16_1`1.<<ForEachAsync>b__1>d.MoveNext()
--- 直前に例外がスローされた場所からのスタック トレースの終わり ---
   場所 System.Runtime.CompilerServices.TaskAwaiter.ThrowForNonSuccess(Task task)
   場所 System.Runtime.CompilerServices.TaskAwaiter.HandleNonSuccessAndDebuggerNotification(Task task)
   場所 Squirrel.Utility.<DeleteDirectory>d__22.MoveNext()
--- 直前に例外がスローされた場所からのスタック トレースの終わり ---
   場所 System.Runtime.CompilerServices.TaskAwaiter.ThrowForNonSuccess(Task task)
   場所 System.Runtime.CompilerServices.TaskAwaiter.HandleNonSuccessAndDebuggerNotification(Task task)
   場所 Squirrel.Utility.<LogIfThrows>d__37.MoveNext()
13304> 2024-10-13 22:10:50> Unhandled exception: System.AggregateException: 1 つ以上のエラーが発生しました。 ---> System.UnauthorizedAccessException: パス 'C:\Users\teru2\AppData\Local\tmpjxkdpcnh.44c\app-1.0.9166\modules\discord_hook-1\discord_hook\63f569062c02b5\DiscordHook64.dll' へのアクセスが拒否されました。
   場所 System.IO.__Error.WinIOError(Int32 errorCode, String maybeFullPath)
   場所 System.IO.File.InternalDelete(String path, Boolean checkHost)
   場所 System.IO.File.Delete(String path)
   場所 Squirrel.Utility.<>c.<DeleteDirectory>b__22_0(String file)
   場所 Squirrel.Utility.<>c__DisplayClass15_1`1.<ForEachAsync>b__1()
   場所 System.Threading.Tasks.Task.InnerInvoke()
   場所 System.Threading.Tasks.Task.Execute()
--- 直前に例外がスローされた場所からのスタック トレースの終わり ---
   場所 System.Runtime.CompilerServices.TaskAwaiter.ThrowForNonSuccess(Task task)
   場所 System.Runtime.CompilerServices.TaskAwaiter.HandleNonSuccessAndDebuggerNotification(Task task)
   場所 Squirrel.Utility.<>c__DisplayClass16_1`1.<<ForEachAsync>b__1>d.MoveNext()
--- 直前に例外がスローされた場所からのスタック トレースの終わり ---
   場所 System.Runtime.CompilerServices.TaskAwaiter.ThrowForNonSuccess(Task task)
   場所 System.Runtime.CompilerServices.TaskAwaiter.HandleNonSuccessAndDebuggerNotification(Task task)
   場所 Squirrel.Utility.<DeleteDirectory>d__22.MoveNext()
--- 直前に例外がスローされた場所からのスタック トレースの終わり ---
   場所 System.Runtime.CompilerServices.TaskAwaiter.ThrowForNonSuccess(Task task)
   場所 System.Runtime.CompilerServices.TaskAwaiter.HandleNonSuccessAndDebuggerNotification(Task task)
   場所 Squirrel.Utility.<>c.<<DeleteDirectory>b__22_1>d.MoveNext()
--- 直前に例外がスローされた場所からのスタック トレースの終わり ---
   場所 System.Runtime.CompilerServices.TaskAwaiter.ThrowForNonSuccess(Task task)
   場所 System.Runtime.CompilerServices.TaskAwaiter.HandleNonSuccessAndDebuggerNotification(Task task)
   場所 Squirrel.Utility.<>c__DisplayClass16_1`1.<<ForEachAsync>b__1>d.MoveNext()
--- 直前に例外がスローされた場所からのスタック トレースの終わり ---
   場所 System.Runtime.CompilerServices.TaskAwaiter.ThrowForNonSuccess(Task task)
   場所 System.Runtime.CompilerServices.TaskAwaiter.HandleNonSuccessAndDebuggerNotification(Task task)
   場所 Squirrel.Utility.<DeleteDirectory>d__22.MoveNext()
--- 直前に例外がスローされた場所からのスタック トレースの終わり ---
   場所 System.Runtime.CompilerServices.TaskAwaiter.ThrowForNonSuccess(Task task)
   場所 System.Runtime.CompilerServices.TaskAwaiter.HandleNonSuccessAndDebuggerNotification(Task task)
   場所 Squirrel.Utility.<>c.<<DeleteDirectory>b__22_1>d.MoveNext()
--- 直前に例外がスローされた場所からのスタック トレースの終わり ---
   場所 System.Runtime.CompilerServices.TaskAwaiter.ThrowForNonSuccess(Task task)
   場所 System.Runtime.CompilerServices.TaskAwaiter.HandleNonSuccessAndDebuggerNotification(Task task)
   場所 Squirrel.Utility.<>c__DisplayClass16_1`1.<<ForEachAsync>b__1>d.MoveNext()
--- 直前に例外がスローされた場所からのスタック トレースの終わり ---
   場所 System.Runtime.CompilerServices.TaskAwaiter.ThrowForNonSuccess(Task task)
   場所 System.Runtime.CompilerServices.TaskAwaiter.HandleNonSuccessAndDebuggerNotification(Task task)
   場所 Squirrel.Utility.<DeleteDirectory>d__22.MoveNext()
--- 直前に例外がスローされた場所からのスタック トレースの終わり ---
   場所 System.Runtime.CompilerServices.TaskAwaiter.ThrowForNonSuccess(Task task)
   場所 System.Runtime.CompilerServices.TaskAwaiter.HandleNonSuccessAndDebuggerNotification(Task task)
   場所 Squirrel.Utility.<>c.<<DeleteDirectory>b__22_1>d.MoveNext()
--- 直前に例外がスローされた場所からのスタック トレースの終わり ---
   場所 System.Runtime.CompilerServices.TaskAwaiter.ThrowForNonSuccess(Task task)
   場所 System.Runtime.CompilerServices.TaskAwaiter.HandleNonSuccessAndDebuggerNotification(Task task)
   場所 Squirrel.Utility.<>c__DisplayClass16_1`1.<<ForEachAsync>b__1>d.MoveNext()
--- 直前に例外がスローされた場所からのスタック トレースの終わり ---
   場所 System.Runtime.CompilerServices.TaskAwaiter.ThrowForNonSuccess(Task task)
   場所 System.Runtime.CompilerServices.TaskAwaiter.HandleNonSuccessAndDebuggerNotification(Task task)
   場所 Squirrel.Utility.<DeleteDirectory>d__22.MoveNext()
--- 直前に例外がスローされた場所からのスタック トレースの終わり ---
   場所 System.Runtime.CompilerServices.TaskAwaiter.ThrowForNonSuccess(Task task)
   場所 System.Runtime.CompilerServices.TaskAwaiter.HandleNonSuccessAndDebuggerNotification(Task task)
   場所 Squirrel.Utility.<>c.<<DeleteDirectory>b__22_1>d.MoveNext()
--- 直前に例外がスローされた場所からのスタック トレースの終わり ---
   場所 System.Runtime.CompilerServices.TaskAwaiter.ThrowForNonSuccess(Task task)
   場所 System.Runtime.CompilerServices.TaskAwaiter.HandleNonSuccessAndDebuggerNotification(Task task)
   場所 Squirrel.Utility.<>c__DisplayClass16_1`1.<<ForEachAsync>b__1>d.MoveNext()
--- 直前に例外がスローされた場所からのスタック トレースの終わり ---
   場所 System.Runtime.CompilerServices.TaskAwaiter.ThrowForNonSuccess(Task task)
   場所 System.Runtime.CompilerServices.TaskAwaiter.HandleNonSuccessAndDebuggerNotification(Task task)
   場所 Squirrel.Utility.<DeleteDirectory>d__22.MoveNext()
--- 直前に例外がスローされた場所からのスタック トレースの終わり ---
   場所 System.Runtime.CompilerServices.TaskAwaiter.ThrowForNonSuccess(Task task)
   場所 System.Runtime.CompilerServices.TaskAwaiter.HandleNonSuccessAndDebuggerNotification(Task task)
   場所 Squirrel.Utility.<>c.<<DeleteDirectory>b__22_1>d.MoveNext()
--- 直前に例外がスローされた場所からのスタック トレースの終わり ---
   場所 System.Runtime.CompilerServices.TaskAwaiter.ThrowForNonSuccess(Task task)
   場所 System.Runtime.CompilerServices.TaskAwaiter.HandleNonSuccessAndDebuggerNotification(Task task)
   場所 Squirrel.Utility.<>c__DisplayClass16_1`1.<<ForEachAsync>b__1>d.MoveNext()
--- 直前に例外がスローされた場所からのスタック トレースの終わり ---
   場所 System.Runtime.CompilerServices.TaskAwaiter.ThrowForNonSuccess(Task task)
   場所 System.Runtime.CompilerServices.TaskAwaiter.HandleNonSuccessAndDebuggerNotification(Task task)
   場所 Squirrel.Utility.<DeleteDirectory>d__22.MoveNext()
--- 直前に例外がスローされた場所からのスタック トレースの終わり ---
   場所 System.Runtime.CompilerServices.TaskAwaiter.ThrowForNonSuccess(Task task)
   場所 System.Runtime.CompilerServices.TaskAwaiter.HandleNonSuccessAndDebuggerNotification(Task task)
   場所 Squirrel.Utility.<LogIfThrows>d__37.MoveNext()
--- 直前に例外がスローされた場所からのスタック トレースの終わり ---
   場所 System.Runtime.CompilerServices.TaskAwaiter.ThrowForNonSuccess(Task task)
   場所 System.Runtime.CompilerServices.TaskAwaiter.HandleNonSuccessAndDebuggerNotification(Task task)
   場所 Squirrel.Update.Program.<Install>d__5.MoveNext()
   --- 内部例外スタック トレースの終わり ---
   場所 System.Threading.Tasks.Task.ThrowIfExceptional(Boolean includeTaskCanceledExceptions)
   場所 System.Threading.Tasks.Task.Wait(Int32 millisecondsTimeout, CancellationToken cancellationToken)
   場所 System.Threading.Tasks.Task.Wait()
   場所 Squirrel.Update.Program.executeCommandLine(String[] args)
   場所 Squirrel.Update.Program.main(String[] args)
---> (内部例外 #0) System.UnauthorizedAccessException: パス 'C:\Users\teru2\AppData\Local\tmpjxkdpcnh.44c\app-1.0.9166\modules\discord_hook-1\discord_hook\63f569062c02b5\DiscordHook64.dll' へのアクセスが拒否されました。
   場所 System.IO.__Error.WinIOError(Int32 errorCode, String maybeFullPath)
   場所 System.IO.File.InternalDelete(String path, Boolean checkHost)
   場所 System.IO.File.Delete(String path)
   場所 Squirrel.Utility.<>c.<DeleteDirectory>b__22_0(String file)
   場所 Squirrel.Utility.<>c__DisplayClass15_1`1.<ForEachAsync>b__1()
   場所 System.Threading.Tasks.Task.InnerInvoke()
   場所 System.Threading.Tasks.Task.Execute()
--- 直前に例外がスローされた場所からのスタック トレースの終わり ---
   場所 System.Runtime.CompilerServices.TaskAwaiter.ThrowForNonSuccess(Task task)
   場所 System.Runtime.CompilerServices.TaskAwaiter.HandleNonSuccessAndDebuggerNotification(Task task)
   場所 Squirrel.Utility.<>c__DisplayClass16_1`1.<<ForEachAsync>b__1>d.MoveNext()
--- 直前に例外がスローされた場所からのスタック トレースの終わり ---
   場所 System.Runtime.CompilerServices.TaskAwaiter.ThrowForNonSuccess(Task task)
   場所 System.Runtime.CompilerServices.TaskAwaiter.HandleNonSuccessAndDebuggerNotification(Task task)
   場所 Squirrel.Utility.<DeleteDirectory>d__22.MoveNext()
--- 直前に例外がスローされた場所からのスタック トレースの終わり ---
   場所 System.Runtime.CompilerServices.TaskAwaiter.ThrowForNonSuccess(Task task)
   場所 System.Runtime.CompilerServices.TaskAwaiter.HandleNonSuccessAndDebuggerNotification(Task task)
   場所 Squirrel.Utility.<>c.<<DeleteDirectory>b__22_1>d.MoveNext()
--- 直前に例外がスローされた場所からのスタック トレースの終わり ---
   場所 System.Runtime.CompilerServices.TaskAwaiter.ThrowForNonSuccess(Task task)
   場所 System.Runtime.CompilerServices.TaskAwaiter.HandleNonSuccessAndDebuggerNotification(Task task)
   場所 Squirrel.Utility.<>c__DisplayClass16_1`1.<<ForEachAsync>b__1>d.MoveNext()
--- 直前に例外がスローされた場所からのスタック トレースの終わり ---
   場所 System.Runtime.CompilerServices.TaskAwaiter.ThrowForNonSuccess(Task task)
   場所 System.Runtime.CompilerServices.TaskAwaiter.HandleNonSuccessAndDebuggerNotification(Task task)
   場所 Squirrel.Utility.<DeleteDirectory>d__22.MoveNext()
--- 直前に例外がスローされた場所からのスタック トレースの終わり ---
   場所 System.Runtime.CompilerServices.TaskAwaiter.ThrowForNonSuccess(Task task)
   場所 System.Runtime.CompilerServices.TaskAwaiter.HandleNonSuccessAndDebuggerNotification(Task task)
   場所 Squirrel.Utility.<>c.<<DeleteDirectory>b__22_1>d.MoveNext()
--- 直前に例外がスローされた場所からのスタック トレースの終わり ---
   場所 System.Runtime.CompilerServices.TaskAwaiter.ThrowForNonSuccess(Task task)
   場所 System.Runtime.CompilerServices.TaskAwaiter.HandleNonSuccessAndDebuggerNotification(Task task)
   場所 Squirrel.Utility.<>c__DisplayClass16_1`1.<<ForEachAsync>b__1>d.MoveNext()
--- 直前に例外がスローされた場所からのスタック トレースの終わり ---
   場所 System.Runtime.CompilerServices.TaskAwaiter.ThrowForNonSuccess(Task task)
   場所 System.Runtime.CompilerServices.TaskAwaiter.HandleNonSuccessAndDebuggerNotification(Task task)
   場所 Squirrel.Utility.<DeleteDirectory>d__22.MoveNext()
--- 直前に例外がスローされた場所からのスタック トレースの終わり ---
   場所 System.Runtime.CompilerServices.TaskAwaiter.ThrowForNonSuccess(Task task)
   場所 System.Runtime.CompilerServices.TaskAwaiter.HandleNonSuccessAndDebuggerNotification(Task task)
   場所 Squirrel.Utility.<>c.<<DeleteDirectory>b__22_1>d.MoveNext()
--- 直前に例外がスローされた場所からのスタック トレースの終わり ---
   場所 System.Runtime.CompilerServices.TaskAwaiter.ThrowForNonSuccess(Task task)
   場所 System.Runtime.CompilerServices.TaskAwaiter.HandleNonSuccessAndDebuggerNotification(Task task)
   場所 Squirrel.Utility.<>c__DisplayClass16_1`1.<<ForEachAsync>b__1>d.MoveNext()
--- 直前に例外がスローされた場所からのスタック トレースの終わり ---
   場所 System.Runtime.CompilerServices.TaskAwaiter.ThrowForNonSuccess(Task task)
   場所 System.Runtime.CompilerServices.TaskAwaiter.HandleNonSuccessAndDebuggerNotification(Task task)
   場所 Squirrel.Utility.<DeleteDirectory>d__22.MoveNext()
--- 直前に例外がスローされた場所からのスタック トレースの終わり ---
   場所 System.Runtime.CompilerServices.TaskAwaiter.ThrowForNonSuccess(Task task)
   場所 System.Runtime.CompilerServices.TaskAwaiter.HandleNonSuccessAndDebuggerNotification(Task task)
   場所 Squirrel.Utility.<>c.<<DeleteDirectory>b__22_1>d.MoveNext()
--- 直前に例外がスローされた場所からのスタック トレースの終わり ---
   場所 System.Runtime.CompilerServices.TaskAwaiter.ThrowForNonSuccess(Task task)
   場所 System.Runtime.CompilerServices.TaskAwaiter.HandleNonSuccessAndDebuggerNotification(Task task)
   場所 Squirrel.Utility.<>c__DisplayClass16_1`1.<<ForEachAsync>b__1>d.MoveNext()
--- 直前に例外がスローされた場所からのスタック トレースの終わり ---
   場所 System.Runtime.CompilerServices.TaskAwaiter.ThrowForNonSuccess(Task task)
   場所 System.Runtime.CompilerServices.TaskAwaiter.HandleNonSuccessAndDebuggerNotification(Task task)
   場所 Squirrel.Utility.<DeleteDirectory>d__22.MoveNext()
--- 直前に例外がスローされた場所からのスタック トレースの終わり ---
   場所 System.Runtime.CompilerServices.TaskAwaiter.ThrowForNonSuccess(Task task)
   場所 System.Runtime.CompilerServices.TaskAwaiter.HandleNonSuccessAndDebuggerNotification(Task task)
   場所 Squirrel.Utility.<>c.<<DeleteDirectory>b__22_1>d.MoveNext()
--- 直前に例外がスローされた場所からのスタック トレースの終わり ---
   場所 System.Runtime.CompilerServices.TaskAwaiter.ThrowForNonSuccess(Task task)
   場所 System.Runtime.CompilerServices.TaskAwaiter.HandleNonSuccessAndDebuggerNotification(Task task)
   場所 Squirrel.Utility.<>c__DisplayClass16_1`1.<<ForEachAsync>b__1>d.MoveNext()
--- 直前に例外がスローされた場所からのスタック トレースの終わり ---
   場所 System.Runtime.CompilerServices.TaskAwaiter.ThrowForNonSuccess(Task task)
   場所 System.Runtime.CompilerServices.TaskAwaiter.HandleNonSuccessAndDebuggerNotification(Task task)
   場所 Squirrel.Utility.<DeleteDirectory>d__22.MoveNext()
--- 直前に例外がスローされた場所からのスタック トレースの終わり ---
   場所 System.Runtime.CompilerServices.TaskAwaiter.ThrowForNonSuccess(Task task)
   場所 System.Runtime.CompilerServices.TaskAwaiter.HandleNonSuccessAndDebuggerNotification(Task task)
   場所 Squirrel.Utility.<LogIfThrows>d__37.MoveNext()
--- 直前に例外がスローされた場所からのスタック トレースの終わり ---
   場所 System.Runtime.CompilerServices.TaskAwaiter.ThrowForNonSuccess(Task task)
   場所 System.Runtime.CompilerServices.TaskAwaiter.HandleNonSuccessAndDebuggerNotification(Task task)
   場所 Squirrel.Update.Program.<Install>d__5.MoveNext()<---

21936> 2024-10-13 22:11:01> Program: Starting Squirrel Updater: --install . --silent
21936> 2024-10-13 22:11:01> Program: Starting install, writing to C:\Users\teru2\AppData\Local\SquirrelTemp
21936> 2024-10-13 22:11:01> Program: About to install to: C:\Users\teru2\AppData\Local\Discord
21936> 2024-10-13 22:11:01> SingleGlobalInstance: Grabbing lockfile with timeout of 00:00:10
21936> 2024-10-13 22:11:01> CheckForUpdateImpl: Reading RELEASES file from C:\Users\teru2\AppData\Local\SquirrelTemp
21936> 2024-10-13 22:11:01> CheckForUpdateImpl: Remote version 1.0.9003 differs from local 
21936> 2024-10-13 22:11:01> CheckForUpdateImpl: First run or local directory is corrupt, starting from scratch
21936> 2024-10-13 22:11:01> ApplyReleasesImpl: Writing files to app directory: C:\Users\teru2\AppData\Local\Discord\app-1.0.9003
21936> 2024-10-13 22:11:03> ApplyReleasesImpl: Moving file C:\Users\teru2\AppData\Local\Discord\app-1.0.9003\lib\net45\app.ico to C:\Users\teru2\AppData\Local\Discord\app-1.0.9003\app.ico
21936> 2024-10-13 22:11:03> ApplyReleasesImpl: Moving file C:\Users\teru2\AppData\Local\Discord\app-1.0.9003\lib\net45\d3dcompiler_47.dll to C:\Users\teru2\AppData\Local\Discord\app-1.0.9003\d3dcompiler_47.dll
21936> 2024-10-13 22:11:03> ApplyReleasesImpl: Moving file C:\Users\teru2\AppData\Local\Discord\app-1.0.9003\lib\net45\chrome_100_percent.pak to C:\Users\teru2\AppData\Local\Discord\app-1.0.9003\chrome_100_percent.pak
21936> 2024-10-13 22:11:03> ApplyReleasesImpl: Moving file C:\Users\teru2\AppData\Local\Discord\app-1.0.9003\lib\net45\chrome_200_percent.pak to C:\Users\teru2\AppData\Local\Discord\app-1.0.9003\chrome_200_percent.pak
21936> 2024-10-13 22:11:03> ApplyReleasesImpl: Moving file C:\Users\teru2\AppData\Local\Discord\app-1.0.9003\lib\net45\Discord.exe to C:\Users\teru2\AppData\Local\Discord\app-1.0.9003\Discord.exe
21936> 2024-10-13 22:11:03> ApplyReleasesImpl: Moving file C:\Users\teru2\AppData\Local\Discord\app-1.0.9003\lib\net45\installer.db to C:\Users\teru2\AppData\Local\Discord\app-1.0.9003\installer.db
21936> 2024-10-13 22:11:03> ApplyReleasesImpl: Moving file C:\Users\teru2\AppData\Local\Discord\app-1.0.9003\lib\net45\icudtl.dat to C:\Users\teru2\AppData\Local\Discord\app-1.0.9003\icudtl.dat
21936> 2024-10-13 22:11:03> ApplyReleasesImpl: Moving file C:\Users\teru2\AppData\Local\Discord\app-1.0.9003\lib\net45\ffmpeg.dll to C:\Users\teru2\AppData\Local\Discord\app-1.0.9003\ffmpeg.dll
21936> 2024-10-13 22:11:03> ApplyReleasesImpl: Moving file C:\Users\teru2\AppData\Local\Discord\app-1.0.9003\lib\net45\libEGL.dll to C:\Users\teru2\AppData\Local\Discord\app-1.0.9003\libEGL.dll
21936> 2024-10-13 22:11:03> ApplyReleasesImpl: Moving file C:\Users\teru2\AppData\Local\Discord\app-1.0.9003\lib\net45\libGLESv2.dll to C:\Users\teru2\AppData\Local\Discord\app-1.0.9003\libGLESv2.dll
21936> 2024-10-13 22:11:03> ApplyReleasesImpl: Moving file C:\Users\teru2\AppData\Local\Discord\app-1.0.9003\lib\net45\snapshot_blob.bin to C:\Users\teru2\AppData\Local\Discord\app-1.0.9003\snapshot_blob.bin
21936> 2024-10-13 22:11:03> ApplyReleasesImpl: Moving file C:\Users\teru2\AppData\Local\Discord\app-1.0.9003\lib\net45\resources.pak to C:\Users\teru2\AppData\Local\Discord\app-1.0.9003\resources.pak
21936> 2024-10-13 22:11:03> ApplyReleasesImpl: Moving file C:\Users\teru2\AppData\Local\Discord\app-1.0.9003\lib\net45\v8_context_snapshot.bin to C:\Users\teru2\AppData\Local\Discord\app-1.0.9003\v8_context_snapshot.bin
21936> 2024-10-13 22:11:03> ApplyReleasesImpl: Moving file C:\Users\teru2\AppData\Local\Discord\app-1.0.9003\lib\net45\vk_swiftshader.dll to C:\Users\teru2\AppData\Local\Discord\app-1.0.9003\vk_swiftshader.dll
21936> 2024-10-13 22:11:03> ApplyReleasesImpl: Moving file C:\Users\teru2\AppData\Local\Discord\app-1.0.9003\lib\net45\updater.node to C:\Users\teru2\AppData\Local\Discord\app-1.0.9003\updater.node
21936> 2024-10-13 22:11:03> ApplyReleasesImpl: Moving file C:\Users\teru2\AppData\Local\Discord\app-1.0.9003\lib\net45\vk_swiftshader_icd.json to C:\Users\teru2\AppData\Local\Discord\app-1.0.9003\vk_swiftshader_icd.json
21936> 2024-10-13 22:11:03> ApplyReleasesImpl: Moving file C:\Users\teru2\AppData\Local\Discord\app-1.0.9003\lib\net45\vulkan-1.dll to C:\Users\teru2\AppData\Local\Discord\app-1.0.9003\vulkan-1.dll
21936> 2024-10-13 22:11:03> ApplyReleasesImpl: Squirrel Enabled Apps: [C:\Users\teru2\AppData\Local\Discord\app-1.0.9003\Discord.exe]
21936> 2024-10-13 22:11:03> Utility: Process Started: C:\Users\teru2\AppData\Local\Discord\app-1.0.9003\Discord.exe --squirrel-install 1.0.9003, pid 8100
21936> 2024-10-13 22:11:04> Utility: Received exitcode 0 from process C:\Users\teru2\AppData\Local\Discord\app-1.0.9003\Discord.exe
21936> 2024-10-13 22:11:04> ApplyReleasesImpl: Starting fixPinnedExecutables
21936> 2024-10-13 22:11:04> ApplyReleasesImpl: fixPinnedExecutables: newCurrentFolder: app-1.0.9003
21936> 2024-10-13 22:11:04> ApplyReleasesImpl: fixPinnedExecutables: enumerating path C:\Users\teru2\AppData\Roaming\Microsoft\Windows\Start Menu failed: System.UnauthorizedAccessException: パス 'C:\Users\teru2\AppData\Roaming\Microsoft\Windows\Start Menu\プログラム' へのアクセスが拒否されました。
   場所 System.IO.__Error.WinIOError(Int32 errorCode, String maybeFullPath)
   場所 System.IO.FileSystemEnumerableIterator`1.AddSearchableDirsToStack(SearchData localSearchData)
   場所 System.IO.FileSystemEnumerableIterator`1.MoveNext()
   場所 System.Collections.Generic.List`1..ctor(IEnumerable`1 collection)
   場所 System.IO.DirectoryInfo.InternalGetFiles(String searchPattern, SearchOption searchOption)
   場所 System.IO.DirectoryInfo.GetFiles(String searchPattern, SearchOption searchOption)
   場所 Squirrel.UpdateManager.ApplyReleasesImpl.fixPinnedExecutables(SemanticVersion newCurrentVersion)
21936> 2024-10-13 22:11:04> ApplyReleasesImpl: Updating shortcut C:\Users\teru2\OneDrive\Desktop\Discord.lnk
21936> 2024-10-13 22:11:04> ApplyReleasesImpl: Fixing up tray icons
21936> 2024-10-13 22:11:04> ApplyReleasesImpl: cleanDeadVersions: for version 1.0.9003
21936> 2024-10-13 22:11:04> ApplyReleasesImpl: cleanDeadVersions: exclude current version folder app-1.0.9003
2024-12-17 22:44:23> CXg[̃f[^WJɃG[܂B
AndAppNCAgēxA_E[hACXg[B(G[R[h: 0x4) LastError: 2
2024-12-17 22:44:23> Program: Starting Squirrel Updater: --install .
2024-12-17 22:44:23> Program: Starting install, writing to C:\Users\teru2\AppData\Local\SquirrelTemp
2024-12-17 22:44:23> Program: About to install to: C:\Users\teru2\AppData\Local\AndApp
2024-12-17 22:44:23> CheckForUpdateImpl: Couldn't write out staging user ID, this user probably shouldn't get beta anything: System.IO.DirectoryNotFoundException: パス 'C:\Users\teru2\AppData\Local\AndApp\packages\.betaId' の一部が見つかりませんでした。
   場所 System.IO.__Error.WinIOError(Int32 errorCode, String maybeFullPath)
   場所 System.IO.FileStream.Init(String path, FileMode mode, FileAccess access, Int32 rights, Boolean useRights, FileShare share, Int32 bufferSize, FileOptions options, SECURITY_ATTRIBUTES secAttrs, String msgPath, Boolean bFromProxy, Boolean useLongPath, Boolean checkHost)
   場所 System.IO.FileStream..ctor(String path, FileMode mode, FileAccess access, FileShare share, Int32 bufferSize, FileOptions options, String msgPath, Boolean bFromProxy, Boolean useLongPath, Boolean checkHost)
   場所 System.IO.StreamWriter.CreateFile(String path, Boolean append, Boolean checkHost)
   場所 System.IO.StreamWriter..ctor(String path, Boolean append, Encoding encoding, Int32 bufferSize, Boolean checkHost)
   場所 System.IO.File.InternalWriteAllText(String path, String contents, Encoding encoding, Boolean checkHost)
   場所 System.IO.File.WriteAllText(String path, String contents, Encoding encoding)
   場所 Squirrel.UpdateManager.CheckForUpdateImpl.getOrCreateStagedUserId()
2024-12-17 22:44:23> CheckForUpdateImpl: Failed to load local releases, starting from scratch: System.IO.DirectoryNotFoundException: パス 'C:\Users\teru2\AppData\Local\AndApp\packages\RELEASES' の一部が見つかりませんでした。
   場所 System.IO.__Error.WinIOError(Int32 errorCode, String maybeFullPath)
   場所 System.IO.FileStream.Init(String path, FileMode mode, FileAccess access, Int32 rights, Boolean useRights, FileShare share, Int32 bufferSize, FileOptions options, SECURITY_ATTRIBUTES secAttrs, String msgPath, Boolean bFromProxy, Boolean useLongPath, Boolean checkHost)
   場所 System.IO.FileStream..ctor(String path, FileMode mode, FileAccess access, FileShare share)
   場所 Squirrel.Utility.LoadLocalReleases(String localReleaseFile)
   場所 Squirrel.UpdateManager.CheckForUpdateImpl.<CheckForUpdate>d__2.MoveNext()
2024-12-17 22:44:23> CheckForUpdateImpl: Reading RELEASES file from C:\Users\teru2\AppData\Local\SquirrelTemp
2024-12-17 22:44:23> CheckForUpdateImpl: First run or local directory is corrupt, starting from scratch
2024-12-17 22:44:24> ApplyReleasesImpl: Writing files to app directory: C:\Users\teru2\AppData\Local\AndApp\app-3.8.0
2024-12-17 22:44:25> LogHost: Rigging execution stub for AndAppBootHelper_ExecutionStub.exe to C:\Users\teru2\AppData\Local\AndApp\AndAppBootHelper.exe
2024-12-17 22:44:25> LogHost: Rigging execution stub for AndAppCapture32_ExecutionStub.exe to C:\Users\teru2\AppData\Local\AndApp\AndAppCapture32.exe
2024-12-17 22:44:25> LogHost: Rigging execution stub for AndAppCapture64_ExecutionStub.exe to C:\Users\teru2\AppData\Local\AndApp\AndAppCapture64.exe
2024-12-17 22:44:25> LogHost: Rigging execution stub for AndAppCapture_ExecutionStub.exe to C:\Users\teru2\AppData\Local\AndApp\AndAppCapture.exe
2024-12-17 22:44:25> LogHost: Rigging execution stub for AndAppHelper_ExecutionStub.exe to C:\Users\teru2\AppData\Local\AndApp\AndAppHelper.exe
2024-12-17 22:44:25> LogHost: Rigging execution stub for AndApp_ExecutionStub.exe to C:\Users\teru2\AppData\Local\AndApp\AndApp.exe
2024-12-17 22:44:26> ApplyReleasesImpl: Squirrel Enabled Apps: [C:\Users\teru2\AppData\Local\AndApp\app-3.8.0\AndApp.exe]
2024-12-17 22:44:26> ApplyReleasesImpl: Starting fixPinnedExecutables
2024-12-17 22:44:26> ApplyReleasesImpl: Examining Pin: File Explorer.lnk
2024-12-17 22:44:26> ApplyReleasesImpl: Examining Pin: HoYoPlay.lnk
2024-12-17 22:44:26> ApplyReleasesImpl: Examining Pin: 原神.lnk
2024-12-17 22:44:26> ApplyReleasesImpl: Fixing up tray icons
2024-12-17 22:44:26> ApplyReleasesImpl: cleanDeadVersions: for version 3.8.0
2024-12-17 22:44:26> ApplyReleasesImpl: cleanDeadVersions: exclude folder app-3.8.0
2024-12-17 22:44:31> InstallHelperImpl: Couldn't write uninstall icon, don't care: System.Net.WebException: リモート サーバーがエラーを返しました: (403) 使用不可能
   場所 System.Net.HttpWebRequest.EndGetResponse(IAsyncResult asyncResult)
   場所 System.Net.WebClient.GetWebResponse(WebRequest request, IAsyncResult result)
   場所 System.Net.WebClient.DownloadBitsResponseCallback(IAsyncResult result)
--- 直前に例外がスローされた場所からのスタック トレースの終わり ---
   場所 System.Runtime.CompilerServices.TaskAwaiter.ThrowForNonSuccess(Task task)
   場所 System.Runtime.CompilerServices.TaskAwaiter.HandleNonSuccessAndDebuggerNotification(Task task)
   場所 System.Runtime.CompilerServices.TaskAwaiter.ValidateEnd(Task task)
   場所 Squirrel.UpdateManager.InstallHelperImpl.<CreateUninstallerRegistryEntry>d__5.MoveNext()
2024-12-17 22:44:36> Program: Starting Squirrel Updater: --install .
2024-12-17 22:44:36> Program: Starting install, writing to C:\Users\teru2\AppData\Local\SquirrelTemp
2024-12-17 22:44:36> Program: About to install to: C:\Users\teru2\AppData\Local\AndApp
2024-12-17 22:44:36> Program: Install path C:\Users\teru2\AppData\Local\AndApp already exists, burning it to the ground
2024-12-17 22:44:36> IEnableLogger: : System.ComponentModel.Win32Exception (0x80004005): アクセスが拒否されました。
   場所 System.Diagnostics.Process.Kill()
   場所 Squirrel.UpdateManager.InstallHelperImpl.<>c__DisplayClass6_1.<KillAllProcessesBelongingToPackage>b__2()
   場所 Squirrel.Utility.LogIfThrows(IFullLogger This, LogLevel level, String message, Action block)
2024-12-17 22:44:36> CheckForUpdateImpl: Couldn't write out staging user ID, this user probably shouldn't get beta anything: System.IO.DirectoryNotFoundException: パス 'C:\Users\teru2\AppData\Local\AndApp\packages\.betaId' の一部が見つかりませんでした。
   場所 System.IO.__Error.WinIOError(Int32 errorCode, String maybeFullPath)
   場所 System.IO.FileStream.Init(String path, FileMode mode, FileAccess access, Int32 rights, Boolean useRights, FileShare share, Int32 bufferSize, FileOptions options, SECURITY_ATTRIBUTES secAttrs, String msgPath, Boolean bFromProxy, Boolean useLongPath, Boolean checkHost)
   場所 System.IO.FileStream..ctor(String path, FileMode mode, FileAccess access, FileShare share, Int32 bufferSize, FileOptions options, String msgPath, Boolean bFromProxy, Boolean useLongPath, Boolean checkHost)
   場所 System.IO.StreamWriter.CreateFile(String path, Boolean append, Boolean checkHost)
   場所 System.IO.StreamWriter..ctor(String path, Boolean append, Encoding encoding, Int32 bufferSize, Boolean checkHost)
   場所 System.IO.File.InternalWriteAllText(String path, String contents, Encoding encoding, Boolean checkHost)
   場所 System.IO.File.WriteAllText(String path, String contents, Encoding encoding)
   場所 Squirrel.UpdateManager.CheckForUpdateImpl.getOrCreateStagedUserId()
2024-12-17 22:44:36> CheckForUpdateImpl: Failed to load local releases, starting from scratch: System.IO.DirectoryNotFoundException: パス 'C:\Users\teru2\AppData\Local\AndApp\packages\RELEASES' の一部が見つかりませんでした。
   場所 System.IO.__Error.WinIOError(Int32 errorCode, String maybeFullPath)
   場所 System.IO.FileStream.Init(String path, FileMode mode, FileAccess access, Int32 rights, Boolean useRights, FileShare share, Int32 bufferSize, FileOptions options, SECURITY_ATTRIBUTES secAttrs, String msgPath, Boolean bFromProxy, Boolean useLongPath, Boolean checkHost)
   場所 System.IO.FileStream..ctor(String path, FileMode mode, FileAccess access, FileShare share)
   場所 Squirrel.Utility.LoadLocalReleases(String localReleaseFile)
   場所 Squirrel.UpdateManager.CheckForUpdateImpl.<CheckForUpdate>d__2.MoveNext()
2024-12-17 22:44:36> CheckForUpdateImpl: Reading RELEASES file from C:\Users\teru2\AppData\Local\SquirrelTemp
2024-12-17 22:44:36> CheckForUpdateImpl: First run or local directory is corrupt, starting from scratch
2024-12-17 22:44:37> ApplyReleasesImpl: Writing files to app directory: C:\Users\teru2\AppData\Local\AndApp\app-3.8.0
2024-12-17 22:44:38> LogHost: Rigging execution stub for AndAppBootHelper_ExecutionStub.exe to C:\Users\teru2\AppData\Local\AndApp\AndAppBootHelper.exe
2024-12-17 22:44:38> LogHost: Rigging execution stub for AndAppCapture32_ExecutionStub.exe to C:\Users\teru2\AppData\Local\AndApp\AndAppCapture32.exe
2024-12-17 22:44:38> LogHost: Rigging execution stub for AndAppCapture64_ExecutionStub.exe to C:\Users\teru2\AppData\Local\AndApp\AndAppCapture64.exe
2024-12-17 22:44:38> LogHost: Rigging execution stub for AndAppCapture_ExecutionStub.exe to C:\Users\teru2\AppData\Local\AndApp\AndAppCapture.exe
2024-12-17 22:44:38> LogHost: Rigging execution stub for AndAppHelper_ExecutionStub.exe to C:\Users\teru2\AppData\Local\AndApp\AndAppHelper.exe
2024-12-17 22:44:38> LogHost: Rigging execution stub for AndApp_ExecutionStub.exe to C:\Users\teru2\AppData\Local\AndApp\AndApp.exe
2024-12-17 22:44:39> ApplyReleasesImpl: Squirrel Enabled Apps: [C:\Users\teru2\AppData\Local\AndApp\app-3.8.0\AndApp.exe]
2024-12-17 22:44:39> ApplyReleasesImpl: Starting fixPinnedExecutables
2024-12-17 22:44:39> ApplyReleasesImpl: Examining Pin: File Explorer.lnk
2024-12-17 22:44:39> ApplyReleasesImpl: Examining Pin: HoYoPlay.lnk
2024-12-17 22:44:39> ApplyReleasesImpl: Examining Pin: 原神.lnk
2024-12-17 22:44:39> ApplyReleasesImpl: Fixing up tray icons
2024-12-17 22:44:39> ApplyReleasesImpl: cleanDeadVersions: for version 3.8.0
2024-12-17 22:44:39> ApplyReleasesImpl: cleanDeadVersions: exclude folder app-3.8.0
2024-12-17 22:44:40> InstallHelperImpl: Couldn't write uninstall icon, don't care: System.Net.WebException: リモート サーバーがエラーを返しました: (403) 使用不可能
   場所 System.Net.HttpWebRequest.EndGetResponse(IAsyncResult asyncResult)
   場所 System.Net.WebClient.GetWebResponse(WebRequest request, IAsyncResult result)
   場所 System.Net.WebClient.DownloadBitsResponseCallback(IAsyncResult result)
--- 直前に例外がスローされた場所からのスタック トレースの終わり ---
   場所 System.Runtime.CompilerServices.TaskAwaiter.ThrowForNonSuccess(Task task)
   場所 System.Runtime.CompilerServices.TaskAwaiter.HandleNonSuccessAndDebuggerNotification(Task task)
   場所 System.Runtime.CompilerServices.TaskAwaiter.ValidateEnd(Task task)
   場所 Squirrel.UpdateManager.InstallHelperImpl.<CreateUninstallerRegistryEntry>d__5.MoveNext()
